GROUP,PACKAGE,CLASS,INSTRUCTION_MISSED,INSTRUCTION_COVERED,BRANCH_MISSED,BRANCH_COVERED,LINE_MISSED,LINE_COVERED,COMPLEXITY_MISSED,COMPLEXITY_COVERED,METHOD_MISSED,METHOD_COVERED
etudiant-backend,com.openclassrooms.etudiant.controller,UserController,0,23,0,0,0,4,0,2,0,2
etudiant-backend,com.openclassrooms.etudiant.controller,StudentController,0,55,0,0,0,12,0,5,0,5
etudiant-backend,com.openclassrooms.etudiant.handler,RestExceptionHandler,0,81,0,0,0,12,0,7,0,7
etudiant-backend,com.openclassrooms.etudiant.service,UserService,0,95,0,6,0,22,0,6,0,3
etudiant-backend,com.openclassrooms.etudiant.service,JwtService,0,85,1,3,0,23,1,8,0,7
etudiant-backend,com.openclassrooms.etudiant.service,StudentService,0,102,0,4,0,25,0,9,0,7
etudiant-backend,com.openclassrooms.etudiant.entities,User,0,13,0,0,0,6,0,6,0,6
etudiant-backend,com.openclassrooms.etudiant.configuration.security,JwtAuthenticationFilter,55,11,9,1,16,4,5,1,0,1
etudiant-backend,com.openclassrooms.etudiant.configuration.security,CustomUserDetailService,15,0,0,0,2,0,2,0,2,0
